<?xml version="1.0" encoding="UTF-8"?>
<testsuite xmlns:xsi="http://www.w3.org/2001/XMLSchema-instance" xsi:noNamespaceSchemaLocation="https://maven.apache.org/surefire/maven-surefire-plugin/xsd/surefire-test-report-3.0.xsd" version="3.0" name="org.imaginnovate.Repository.common.EmployeeRepoTest" time="0.123" tests="7" errors="7" skipped="0" failures="0">
  <properties>
[...]
</properties>
  <testcase name="testFindById_Int" classname="org.imaginnovate.Repository.common.EmployeeRepoTest" time="0.018">
    <error message="detached entity passed to persist: org.imaginnovate.entity.common.Employee" type="jakarta.persistence.EntityExistsException"><![CDATA[jakarta.persistence.EntityExistsException: detached entity passed to persist: org.imaginnovate.entity.common.Employee
	at org.hibernate.internal.ExceptionConverterImpl.convert(ExceptionConverterImpl.java:126)
	at org.hibernate.internal.ExceptionConverterImpl.convert(ExceptionConverterImpl.java:167)
	at org.hibernate.internal.ExceptionConverterImpl.convert(ExceptionConverterImpl.java:173)
	at org.hibernate.internal.SessionImpl.firePersist(SessionImpl.java:763)
	at org.hibernate.internal.SessionImpl.persist(SessionImpl.java:741)
	at io.quarkus.hibernate.orm.runtime.session.TransactionScopedSession.persist(TransactionScopedSession.java:146)
	at org.hibernate.engine.spi.SessionLazyDelegator.persist(SessionLazyDelegator.java:282)
	at org.hibernate.Session_OpdLahisOZ9nWRPXMsEFQmQU03A_Synthetic_ClientProxy.persist(Unknown Source)
	at io.quarkus.hibernate.orm.panache.common.runtime.AbstractJpaOperations.persist(AbstractJpaOperations.java:101)
	at io.quarkus.hibernate.orm.panache.common.runtime.AbstractJpaOperations.persist(AbstractJpaOperations.java:96)
	at io.quarkus.hibernate.orm.panache.PanacheRepositoryBase.persist(PanacheRepositoryBase.java:54)
	at org.imaginnovate.repository.common.EmployeeRepo_ClientProxy.persist(Unknown Source)
	at org.imaginnovate.Repository.common.EmployeeRepoTest.setup(EmployeeRepoTest.java:43)
	at org.imaginnovate.Repository.common.EmployeeRepoTest_Subclass.setup$$superforward(Unknown Source)
	at org.imaginnovate.Repository.common.EmployeeRepoTest_Subclass$$function$$1.apply(Unknown Source)
	at io.quarkus.arc.impl.AroundInvokeInvocationContext.proceed(AroundInvokeInvocationContext.java:73)
	at io.quarkus.arc.impl.AroundInvokeInvocationContext.proceed(AroundInvokeInvocationContext.java:62)
	at io.quarkus.narayana.jta.runtime.interceptor.TransactionalInterceptorBase.invokeInOurTx(TransactionalInterceptorBase.java:136)
	at io.quarkus.narayana.jta.runtime.interceptor.TransactionalInterceptorBase.invokeInOurTx(TransactionalInterceptorBase.java:107)
	at io.quarkus.narayana.jta.runtime.interceptor.TransactionalInterceptorRequired.doIntercept(TransactionalInterceptorRequired.java:38)
	at io.quarkus.narayana.jta.runtime.interceptor.TransactionalInterceptorBase.intercept(TransactionalInterceptorBase.java:61)
	at io.quarkus.narayana.jta.runtime.interceptor.TransactionalInterceptorRequired.intercept(TransactionalInterceptorRequired.java:32)
	at io.quarkus.narayana.jta.runtime.interceptor.TransactionalInterceptorRequired_Bean.intercept(Unknown Source)
	at io.quarkus.arc.impl.InterceptorInvocation.invoke(InterceptorInvocation.java:42)
	at io.quarkus.arc.impl.AroundInvokeInvocationContext.perform(AroundInvokeInvocationContext.java:30)
	at io.quarkus.arc.impl.InvocationContexts.performAroundInvoke(InvocationContexts.java:27)
	at org.imaginnovate.Repository.common.EmployeeRepoTest_Subclass.setup(Unknown Source)
	at java.base/java.lang.reflect.Method.invoke(Method.java:580)
	at io.quarkus.test.junit.QuarkusTestExtension.runExtensionMethod(QuarkusTestExtension.java:1017)
	at io.quarkus.test.junit.QuarkusTestExtension.interceptBeforeEachMethod(QuarkusTestExtension.java:812)
	at java.base/java.util.ArrayList.forEach(ArrayList.java:1596)
	at java.base/java.util.ArrayList.forEach(ArrayList.java:1596)
Caused by: org.hibernate.PersistentObjectException: detached entity passed to persist: org.imaginnovate.entity.common.Employee
	at org.hibernate.event.internal.DefaultPersistEventListener.persist(DefaultPersistEventListener.java:88)
	at org.hibernate.event.internal.DefaultPersistEventListener.onPersist(DefaultPersistEventListener.java:77)
	at org.hibernate.event.internal.DefaultPersistEventListener.onPersist(DefaultPersistEventListener.java:54)
	at org.hibernate.event.service.internal.EventListenerGroupImpl.fireEventOnEachListener(EventListenerGroupImpl.java:127)
	at org.hibernate.internal.SessionImpl.firePersist(SessionImpl.java:757)
	... 28 more
]]></error>
  </testcase>
  <testcase name="testFindAllEmployees" classname="org.imaginnovate.Repository.common.EmployeeRepoTest" time="0.015">
    <error message="detached entity passed to persist: org.imaginnovate.entity.common.Employee" type="jakarta.persistence.EntityExistsException"><![CDATA[jakarta.persistence.EntityExistsException: detached entity passed to persist: org.imaginnovate.entity.common.Employee
	at org.hibernate.internal.ExceptionConverterImpl.convert(ExceptionConverterImpl.java:126)
	at org.hibernate.internal.ExceptionConverterImpl.convert(ExceptionConverterImpl.java:167)
	at org.hibernate.internal.ExceptionConverterImpl.convert(ExceptionConverterImpl.java:173)
	at org.hibernate.internal.SessionImpl.firePersist(SessionImpl.java:763)
	at org.hibernate.internal.SessionImpl.persist(SessionImpl.java:741)
	at io.quarkus.hibernate.orm.runtime.session.TransactionScopedSession.persist(TransactionScopedSession.java:146)
	at org.hibernate.engine.spi.SessionLazyDelegator.persist(SessionLazyDelegator.java:282)
	at org.hibernate.Session_OpdLahisOZ9nWRPXMsEFQmQU03A_Synthetic_ClientProxy.persist(Unknown Source)
	at io.quarkus.hibernate.orm.panache.common.runtime.AbstractJpaOperations.persist(AbstractJpaOperations.java:101)
	at io.quarkus.hibernate.orm.panache.common.runtime.AbstractJpaOperations.persist(AbstractJpaOperations.java:96)
	at io.quarkus.hibernate.orm.panache.PanacheRepositoryBase.persist(PanacheRepositoryBase.java:54)
	at org.imaginnovate.repository.common.EmployeeRepo_ClientProxy.persist(Unknown Source)
	at org.imaginnovate.Repository.common.EmployeeRepoTest.setup(EmployeeRepoTest.java:43)
	at org.imaginnovate.Repository.common.EmployeeRepoTest_Subclass.setup$$superforward(Unknown Source)
	at org.imaginnovate.Repository.common.EmployeeRepoTest_Subclass$$function$$1.apply(Unknown Source)
	at io.quarkus.arc.impl.AroundInvokeInvocationContext.proceed(AroundInvokeInvocationContext.java:73)
	at io.quarkus.arc.impl.AroundInvokeInvocationContext.proceed(AroundInvokeInvocationContext.java:62)
	at io.quarkus.narayana.jta.runtime.interceptor.TransactionalInterceptorBase.invokeInOurTx(TransactionalInterceptorBase.java:136)
	at io.quarkus.narayana.jta.runtime.interceptor.TransactionalInterceptorBase.invokeInOurTx(TransactionalInterceptorBase.java:107)
	at io.quarkus.narayana.jta.runtime.interceptor.TransactionalInterceptorRequired.doIntercept(TransactionalInterceptorRequired.java:38)
	at io.quarkus.narayana.jta.runtime.interceptor.TransactionalInterceptorBase.intercept(TransactionalInterceptorBase.java:61)
	at io.quarkus.narayana.jta.runtime.interceptor.TransactionalInterceptorRequired.intercept(TransactionalInterceptorRequired.java:32)
	at io.quarkus.narayana.jta.runtime.interceptor.TransactionalInterceptorRequired_Bean.intercept(Unknown Source)
	at io.quarkus.arc.impl.InterceptorInvocation.invoke(InterceptorInvocation.java:42)
	at io.quarkus.arc.impl.AroundInvokeInvocationContext.perform(AroundInvokeInvocationContext.java:30)
	at io.quarkus.arc.impl.InvocationContexts.performAroundInvoke(InvocationContexts.java:27)
	at org.imaginnovate.Repository.common.EmployeeRepoTest_Subclass.setup(Unknown Source)
	at java.base/java.lang.reflect.Method.invoke(Method.java:580)
	at io.quarkus.test.junit.QuarkusTestExtension.runExtensionMethod(QuarkusTestExtension.java:1017)
	at io.quarkus.test.junit.QuarkusTestExtension.interceptBeforeEachMethod(QuarkusTestExtension.java:812)
	at java.base/java.util.ArrayList.forEach(ArrayList.java:1596)
	at java.base/java.util.ArrayList.forEach(ArrayList.java:1596)
Caused by: org.hibernate.PersistentObjectException: detached entity passed to persist: org.imaginnovate.entity.common.Employee
	at org.hibernate.event.internal.DefaultPersistEventListener.persist(DefaultPersistEventListener.java:88)
	at org.hibernate.event.internal.DefaultPersistEventListener.onPersist(DefaultPersistEventListener.java:77)
	at org.hibernate.event.internal.DefaultPersistEventListener.onPersist(DefaultPersistEventListener.java:54)
	at org.hibernate.event.service.internal.EventListenerGroupImpl.fireEventOnEachListener(EventListenerGroupImpl.java:127)
	at org.hibernate.internal.SessionImpl.firePersist(SessionImpl.java:757)
	... 28 more
]]></error>
  </testcase>
  <testcase name="testFindByEmployeeName" classname="org.imaginnovate.Repository.common.EmployeeRepoTest" time="0.012">
    <error message="detached entity passed to persist: org.imaginnovate.entity.common.Employee" type="jakarta.persistence.EntityExistsException"><![CDATA[jakarta.persistence.EntityExistsException: detached entity passed to persist: org.imaginnovate.entity.common.Employee
	at org.hibernate.internal.ExceptionConverterImpl.convert(ExceptionConverterImpl.java:126)
	at org.hibernate.internal.ExceptionConverterImpl.convert(ExceptionConverterImpl.java:167)
	at org.hibernate.internal.ExceptionConverterImpl.convert(ExceptionConverterImpl.java:173)
	at org.hibernate.internal.SessionImpl.firePersist(SessionImpl.java:763)
	at org.hibernate.internal.SessionImpl.persist(SessionImpl.java:741)
	at io.quarkus.hibernate.orm.runtime.session.TransactionScopedSession.persist(TransactionScopedSession.java:146)
	at org.hibernate.engine.spi.SessionLazyDelegator.persist(SessionLazyDelegator.java:282)
	at org.hibernate.Session_OpdLahisOZ9nWRPXMsEFQmQU03A_Synthetic_ClientProxy.persist(Unknown Source)
	at io.quarkus.hibernate.orm.panache.common.runtime.AbstractJpaOperations.persist(AbstractJpaOperations.java:101)
	at io.quarkus.hibernate.orm.panache.common.runtime.AbstractJpaOperations.persist(AbstractJpaOperations.java:96)
	at io.quarkus.hibernate.orm.panache.PanacheRepositoryBase.persist(PanacheRepositoryBase.java:54)
	at org.imaginnovate.repository.common.EmployeeRepo_ClientProxy.persist(Unknown Source)
	at org.imaginnovate.Repository.common.EmployeeRepoTest.setup(EmployeeRepoTest.java:43)
	at org.imaginnovate.Repository.common.EmployeeRepoTest_Subclass.setup$$superforward(Unknown Source)
	at org.imaginnovate.Repository.common.EmployeeRepoTest_Subclass$$function$$1.apply(Unknown Source)
	at io.quarkus.arc.impl.AroundInvokeInvocationContext.proceed(AroundInvokeInvocationContext.java:73)
	at io.quarkus.arc.impl.AroundInvokeInvocationContext.proceed(AroundInvokeInvocationContext.java:62)
	at io.quarkus.narayana.jta.runtime.interceptor.TransactionalInterceptorBase.invokeInOurTx(TransactionalInterceptorBase.java:136)
	at io.quarkus.narayana.jta.runtime.interceptor.TransactionalInterceptorBase.invokeInOurTx(TransactionalInterceptorBase.java:107)
	at io.quarkus.narayana.jta.runtime.interceptor.TransactionalInterceptorRequired.doIntercept(TransactionalInterceptorRequired.java:38)
	at io.quarkus.narayana.jta.runtime.interceptor.TransactionalInterceptorBase.intercept(TransactionalInterceptorBase.java:61)
	at io.quarkus.narayana.jta.runtime.interceptor.TransactionalInterceptorRequired.intercept(TransactionalInterceptorRequired.java:32)
	at io.quarkus.narayana.jta.runtime.interceptor.TransactionalInterceptorRequired_Bean.intercept(Unknown Source)
	at io.quarkus.arc.impl.InterceptorInvocation.invoke(InterceptorInvocation.java:42)
	at io.quarkus.arc.impl.AroundInvokeInvocationContext.perform(AroundInvokeInvocationContext.java:30)
	at io.quarkus.arc.impl.InvocationContexts.performAroundInvoke(InvocationContexts.java:27)
	at org.imaginnovate.Repository.common.EmployeeRepoTest_Subclass.setup(Unknown Source)
	at java.base/java.lang.reflect.Method.invoke(Method.java:580)
	at io.quarkus.test.junit.QuarkusTestExtension.runExtensionMethod(QuarkusTestExtension.java:1017)
	at io.quarkus.test.junit.QuarkusTestExtension.interceptBeforeEachMethod(QuarkusTestExtension.java:812)
	at java.base/java.util.ArrayList.forEach(ArrayList.java:1596)
	at java.base/java.util.ArrayList.forEach(ArrayList.java:1596)
Caused by: org.hibernate.PersistentObjectException: detached entity passed to persist: org.imaginnovate.entity.common.Employee
	at org.hibernate.event.internal.DefaultPersistEventListener.persist(DefaultPersistEventListener.java:88)
	at org.hibernate.event.internal.DefaultPersistEventListener.onPersist(DefaultPersistEventListener.java:77)
	at org.hibernate.event.internal.DefaultPersistEventListener.onPersist(DefaultPersistEventListener.java:54)
	at org.hibernate.event.service.internal.EventListenerGroupImpl.fireEventOnEachListener(EventListenerGroupImpl.java:127)
	at org.hibernate.internal.SessionImpl.firePersist(SessionImpl.java:757)
	... 28 more
]]></error>
  </testcase>
  <testcase name="testFindByIdOptional" classname="org.imaginnovate.Repository.common.EmployeeRepoTest" time="0.011">
    <error message="detached entity passed to persist: org.imaginnovate.entity.common.Employee" type="jakarta.persistence.EntityExistsException"><![CDATA[jakarta.persistence.EntityExistsException: detached entity passed to persist: org.imaginnovate.entity.common.Employee
	at org.hibernate.internal.ExceptionConverterImpl.convert(ExceptionConverterImpl.java:126)
	at org.hibernate.internal.ExceptionConverterImpl.convert(ExceptionConverterImpl.java:167)
	at org.hibernate.internal.ExceptionConverterImpl.convert(ExceptionConverterImpl.java:173)
	at org.hibernate.internal.SessionImpl.firePersist(SessionImpl.java:763)
	at org.hibernate.internal.SessionImpl.persist(SessionImpl.java:741)
	at io.quarkus.hibernate.orm.runtime.session.TransactionScopedSession.persist(TransactionScopedSession.java:146)
	at org.hibernate.engine.spi.SessionLazyDelegator.persist(SessionLazyDelegator.java:282)
	at org.hibernate.Session_OpdLahisOZ9nWRPXMsEFQmQU03A_Synthetic_ClientProxy.persist(Unknown Source)
	at io.quarkus.hibernate.orm.panache.common.runtime.AbstractJpaOperations.persist(AbstractJpaOperations.java:101)
	at io.quarkus.hibernate.orm.panache.common.runtime.AbstractJpaOperations.persist(AbstractJpaOperations.java:96)
	at io.quarkus.hibernate.orm.panache.PanacheRepositoryBase.persist(PanacheRepositoryBase.java:54)
	at org.imaginnovate.repository.common.EmployeeRepo_ClientProxy.persist(Unknown Source)
	at org.imaginnovate.Repository.common.EmployeeRepoTest.setup(EmployeeRepoTest.java:43)
	at org.imaginnovate.Repository.common.EmployeeRepoTest_Subclass.setup$$superforward(Unknown Source)
	at org.imaginnovate.Repository.common.EmployeeRepoTest_Subclass$$function$$1.apply(Unknown Source)
	at io.quarkus.arc.impl.AroundInvokeInvocationContext.proceed(AroundInvokeInvocationContext.java:73)
	at io.quarkus.arc.impl.AroundInvokeInvocationContext.proceed(AroundInvokeInvocationContext.java:62)
	at io.quarkus.narayana.jta.runtime.interceptor.TransactionalInterceptorBase.invokeInOurTx(TransactionalInterceptorBase.java:136)
	at io.quarkus.narayana.jta.runtime.interceptor.TransactionalInterceptorBase.invokeInOurTx(TransactionalInterceptorBase.java:107)
	at io.quarkus.narayana.jta.runtime.interceptor.TransactionalInterceptorRequired.doIntercept(TransactionalInterceptorRequired.java:38)
	at io.quarkus.narayana.jta.runtime.interceptor.TransactionalInterceptorBase.intercept(TransactionalInterceptorBase.java:61)
	at io.quarkus.narayana.jta.runtime.interceptor.TransactionalInterceptorRequired.intercept(TransactionalInterceptorRequired.java:32)
	at io.quarkus.narayana.jta.runtime.interceptor.TransactionalInterceptorRequired_Bean.intercept(Unknown Source)
	at io.quarkus.arc.impl.InterceptorInvocation.invoke(InterceptorInvocation.java:42)
	at io.quarkus.arc.impl.AroundInvokeInvocationContext.perform(AroundInvokeInvocationContext.java:30)
	at io.quarkus.arc.impl.InvocationContexts.performAroundInvoke(InvocationContexts.java:27)
	at org.imaginnovate.Repository.common.EmployeeRepoTest_Subclass.setup(Unknown Source)
	at java.base/java.lang.reflect.Method.invoke(Method.java:580)
	at io.quarkus.test.junit.QuarkusTestExtension.runExtensionMethod(QuarkusTestExtension.java:1017)
	at io.quarkus.test.junit.QuarkusTestExtension.interceptBeforeEachMethod(QuarkusTestExtension.java:812)
	at java.base/java.util.ArrayList.forEach(ArrayList.java:1596)
	at java.base/java.util.ArrayList.forEach(ArrayList.java:1596)
Caused by: org.hibernate.PersistentObjectException: detached entity passed to persist: org.imaginnovate.entity.common.Employee
	at org.hibernate.event.internal.DefaultPersistEventListener.persist(DefaultPersistEventListener.java:88)
	at org.hibernate.event.internal.DefaultPersistEventListener.onPersist(DefaultPersistEventListener.java:77)
	at org.hibernate.event.internal.DefaultPersistEventListener.onPersist(DefaultPersistEventListener.java:54)
	at org.hibernate.event.service.internal.EventListenerGroupImpl.fireEventOnEachListener(EventListenerGroupImpl.java:127)
	at org.hibernate.internal.SessionImpl.firePersist(SessionImpl.java:757)
	... 28 more
]]></error>
  </testcase>
  <testcase name="testCanApproveTimesheets" classname="org.imaginnovate.Repository.common.EmployeeRepoTest" time="0.015">
    <error message="detached entity passed to persist: org.imaginnovate.entity.common.Employee" type="jakarta.persistence.EntityExistsException"><![CDATA[jakarta.persistence.EntityExistsException: detached entity passed to persist: org.imaginnovate.entity.common.Employee
	at org.hibernate.internal.ExceptionConverterImpl.convert(ExceptionConverterImpl.java:126)
	at org.hibernate.internal.ExceptionConverterImpl.convert(ExceptionConverterImpl.java:167)
	at org.hibernate.internal.ExceptionConverterImpl.convert(ExceptionConverterImpl.java:173)
	at org.hibernate.internal.SessionImpl.firePersist(SessionImpl.java:763)
	at org.hibernate.internal.SessionImpl.persist(SessionImpl.java:741)
	at io.quarkus.hibernate.orm.runtime.session.TransactionScopedSession.persist(TransactionScopedSession.java:146)
	at org.hibernate.engine.spi.SessionLazyDelegator.persist(SessionLazyDelegator.java:282)
	at org.hibernate.Session_OpdLahisOZ9nWRPXMsEFQmQU03A_Synthetic_ClientProxy.persist(Unknown Source)
	at io.quarkus.hibernate.orm.panache.common.runtime.AbstractJpaOperations.persist(AbstractJpaOperations.java:101)
	at io.quarkus.hibernate.orm.panache.common.runtime.AbstractJpaOperations.persist(AbstractJpaOperations.java:96)
	at io.quarkus.hibernate.orm.panache.PanacheRepositoryBase.persist(PanacheRepositoryBase.java:54)
	at org.imaginnovate.repository.common.EmployeeRepo_ClientProxy.persist(Unknown Source)
	at org.imaginnovate.Repository.common.EmployeeRepoTest.setup(EmployeeRepoTest.java:43)
	at org.imaginnovate.Repository.common.EmployeeRepoTest_Subclass.setup$$superforward(Unknown Source)
	at org.imaginnovate.Repository.common.EmployeeRepoTest_Subclass$$function$$1.apply(Unknown Source)
	at io.quarkus.arc.impl.AroundInvokeInvocationContext.proceed(AroundInvokeInvocationContext.java:73)
	at io.quarkus.arc.impl.AroundInvokeInvocationContext.proceed(AroundInvokeInvocationContext.java:62)
	at io.quarkus.narayana.jta.runtime.interceptor.TransactionalInterceptorBase.invokeInOurTx(TransactionalInterceptorBase.java:136)
	at io.quarkus.narayana.jta.runtime.interceptor.TransactionalInterceptorBase.invokeInOurTx(TransactionalInterceptorBase.java:107)
	at io.quarkus.narayana.jta.runtime.interceptor.TransactionalInterceptorRequired.doIntercept(TransactionalInterceptorRequired.java:38)
	at io.quarkus.narayana.jta.runtime.interceptor.TransactionalInterceptorBase.intercept(TransactionalInterceptorBase.java:61)
	at io.quarkus.narayana.jta.runtime.interceptor.TransactionalInterceptorRequired.intercept(TransactionalInterceptorRequired.java:32)
	at io.quarkus.narayana.jta.runtime.interceptor.TransactionalInterceptorRequired_Bean.intercept(Unknown Source)
	at io.quarkus.arc.impl.InterceptorInvocation.invoke(InterceptorInvocation.java:42)
	at io.quarkus.arc.impl.AroundInvokeInvocationContext.perform(AroundInvokeInvocationContext.java:30)
	at io.quarkus.arc.impl.InvocationContexts.performAroundInvoke(InvocationContexts.java:27)
	at org.imaginnovate.Repository.common.EmployeeRepoTest_Subclass.setup(Unknown Source)
	at java.base/java.lang.reflect.Method.invoke(Method.java:580)
	at io.quarkus.test.junit.QuarkusTestExtension.runExtensionMethod(QuarkusTestExtension.java:1017)
	at io.quarkus.test.junit.QuarkusTestExtension.interceptBeforeEachMethod(QuarkusTestExtension.java:812)
	at java.base/java.util.ArrayList.forEach(ArrayList.java:1596)
	at java.base/java.util.ArrayList.forEach(ArrayList.java:1596)
Caused by: org.hibernate.PersistentObjectException: detached entity passed to persist: org.imaginnovate.entity.common.Employee
	at org.hibernate.event.internal.DefaultPersistEventListener.persist(DefaultPersistEventListener.java:88)
	at org.hibernate.event.internal.DefaultPersistEventListener.onPersist(DefaultPersistEventListener.java:77)
	at org.hibernate.event.internal.DefaultPersistEventListener.onPersist(DefaultPersistEventListener.java:54)
	at org.hibernate.event.service.internal.EventListenerGroupImpl.fireEventOnEachListener(EventListenerGroupImpl.java:127)
	at org.hibernate.internal.SessionImpl.firePersist(SessionImpl.java:757)
	... 28 more
]]></error>
  </testcase>
  <testcase name="testCanApprove" classname="org.imaginnovate.Repository.common.EmployeeRepoTest" time="0.008">
    <error message="detached entity passed to persist: org.imaginnovate.entity.common.Employee" type="jakarta.persistence.EntityExistsException"><![CDATA[jakarta.persistence.EntityExistsException: detached entity passed to persist: org.imaginnovate.entity.common.Employee
	at org.hibernate.internal.ExceptionConverterImpl.convert(ExceptionConverterImpl.java:126)
	at org.hibernate.internal.ExceptionConverterImpl.convert(ExceptionConverterImpl.java:167)
	at org.hibernate.internal.ExceptionConverterImpl.convert(ExceptionConverterImpl.java:173)
	at org.hibernate.internal.SessionImpl.firePersist(SessionImpl.java:763)
	at org.hibernate.internal.SessionImpl.persist(SessionImpl.java:741)
	at io.quarkus.hibernate.orm.runtime.session.TransactionScopedSession.persist(TransactionScopedSession.java:146)
	at org.hibernate.engine.spi.SessionLazyDelegator.persist(SessionLazyDelegator.java:282)
	at org.hibernate.Session_OpdLahisOZ9nWRPXMsEFQmQU03A_Synthetic_ClientProxy.persist(Unknown Source)
	at io.quarkus.hibernate.orm.panache.common.runtime.AbstractJpaOperations.persist(AbstractJpaOperations.java:101)
	at io.quarkus.hibernate.orm.panache.common.runtime.AbstractJpaOperations.persist(AbstractJpaOperations.java:96)
	at io.quarkus.hibernate.orm.panache.PanacheRepositoryBase.persist(PanacheRepositoryBase.java:54)
	at org.imaginnovate.repository.common.EmployeeRepo_ClientProxy.persist(Unknown Source)
	at org.imaginnovate.Repository.common.EmployeeRepoTest.setup(EmployeeRepoTest.java:43)
	at org.imaginnovate.Repository.common.EmployeeRepoTest_Subclass.setup$$superforward(Unknown Source)
	at org.imaginnovate.Repository.common.EmployeeRepoTest_Subclass$$function$$1.apply(Unknown Source)
	at io.quarkus.arc.impl.AroundInvokeInvocationContext.proceed(AroundInvokeInvocationContext.java:73)
	at io.quarkus.arc.impl.AroundInvokeInvocationContext.proceed(AroundInvokeInvocationContext.java:62)
	at io.quarkus.narayana.jta.runtime.interceptor.TransactionalInterceptorBase.invokeInOurTx(TransactionalInterceptorBase.java:136)
	at io.quarkus.narayana.jta.runtime.interceptor.TransactionalInterceptorBase.invokeInOurTx(TransactionalInterceptorBase.java:107)
	at io.quarkus.narayana.jta.runtime.interceptor.TransactionalInterceptorRequired.doIntercept(TransactionalInterceptorRequired.java:38)
	at io.quarkus.narayana.jta.runtime.interceptor.TransactionalInterceptorBase.intercept(TransactionalInterceptorBase.java:61)
	at io.quarkus.narayana.jta.runtime.interceptor.TransactionalInterceptorRequired.intercept(TransactionalInterceptorRequired.java:32)
	at io.quarkus.narayana.jta.runtime.interceptor.TransactionalInterceptorRequired_Bean.intercept(Unknown Source)
	at io.quarkus.arc.impl.InterceptorInvocation.invoke(InterceptorInvocation.java:42)
	at io.quarkus.arc.impl.AroundInvokeInvocationContext.perform(AroundInvokeInvocationContext.java:30)
	at io.quarkus.arc.impl.InvocationContexts.performAroundInvoke(InvocationContexts.java:27)
	at org.imaginnovate.Repository.common.EmployeeRepoTest_Subclass.setup(Unknown Source)
	at java.base/java.lang.reflect.Method.invoke(Method.java:580)
	at io.quarkus.test.junit.QuarkusTestExtension.runExtensionMethod(QuarkusTestExtension.java:1017)
	at io.quarkus.test.junit.QuarkusTestExtension.interceptBeforeEachMethod(QuarkusTestExtension.java:812)
	at java.base/java.util.ArrayList.forEach(ArrayList.java:1596)
	at java.base/java.util.ArrayList.forEach(ArrayList.java:1596)
Caused by: org.hibernate.PersistentObjectException: detached entity passed to persist: org.imaginnovate.entity.common.Employee
	at org.hibernate.event.internal.DefaultPersistEventListener.persist(DefaultPersistEventListener.java:88)
	at org.hibernate.event.internal.DefaultPersistEventListener.onPersist(DefaultPersistEventListener.java:77)
	at org.hibernate.event.internal.DefaultPersistEventListener.onPersist(DefaultPersistEventListener.java:54)
	at org.hibernate.event.service.internal.EventListenerGroupImpl.fireEventOnEachListener(EventListenerGroupImpl.java:127)
	at org.hibernate.internal.SessionImpl.firePersist(SessionImpl.java:757)
	... 28 more
]]></error>
  </testcase>
  <testcase name="testFindEmployeeById" classname="org.imaginnovate.Repository.common.EmployeeRepoTest" time="0.004">
    <error message="detached entity passed to persist: org.imaginnovate.entity.common.Employee" type="jakarta.persistence.EntityExistsException"><![CDATA[jakarta.persistence.EntityExistsException: detached entity passed to persist: org.imaginnovate.entity.common.Employee
	at org.hibernate.internal.ExceptionConverterImpl.convert(ExceptionConverterImpl.java:126)
	at org.hibernate.internal.ExceptionConverterImpl.convert(ExceptionConverterImpl.java:167)
	at org.hibernate.internal.ExceptionConverterImpl.convert(ExceptionConverterImpl.java:173)
	at org.hibernate.internal.SessionImpl.firePersist(SessionImpl.java:763)
	at org.hibernate.internal.SessionImpl.persist(SessionImpl.java:741)
	at io.quarkus.hibernate.orm.runtime.session.TransactionScopedSession.persist(TransactionScopedSession.java:146)
	at org.hibernate.engine.spi.SessionLazyDelegator.persist(SessionLazyDelegator.java:282)
	at org.hibernate.Session_OpdLahisOZ9nWRPXMsEFQmQU03A_Synthetic_ClientProxy.persist(Unknown Source)
	at io.quarkus.hibernate.orm.panache.common.runtime.AbstractJpaOperations.persist(AbstractJpaOperations.java:101)
	at io.quarkus.hibernate.orm.panache.common.runtime.AbstractJpaOperations.persist(AbstractJpaOperations.java:96)
	at io.quarkus.hibernate.orm.panache.PanacheRepositoryBase.persist(PanacheRepositoryBase.java:54)
	at org.imaginnovate.repository.common.EmployeeRepo_ClientProxy.persist(Unknown Source)
	at org.imaginnovate.Repository.common.EmployeeRepoTest.setup(EmployeeRepoTest.java:43)
	at org.imaginnovate.Repository.common.EmployeeRepoTest_Subclass.setup$$superforward(Unknown Source)
	at org.imaginnovate.Repository.common.EmployeeRepoTest_Subclass$$function$$1.apply(Unknown Source)
	at io.quarkus.arc.impl.AroundInvokeInvocationContext.proceed(AroundInvokeInvocationContext.java:73)
	at io.quarkus.arc.impl.AroundInvokeInvocationContext.proceed(AroundInvokeInvocationContext.java:62)
	at io.quarkus.narayana.jta.runtime.interceptor.TransactionalInterceptorBase.invokeInOurTx(TransactionalInterceptorBase.java:136)
	at io.quarkus.narayana.jta.runtime.interceptor.TransactionalInterceptorBase.invokeInOurTx(TransactionalInterceptorBase.java:107)
	at io.quarkus.narayana.jta.runtime.interceptor.TransactionalInterceptorRequired.doIntercept(TransactionalInterceptorRequired.java:38)
	at io.quarkus.narayana.jta.runtime.interceptor.TransactionalInterceptorBase.intercept(TransactionalInterceptorBase.java:61)
	at io.quarkus.narayana.jta.runtime.interceptor.TransactionalInterceptorRequired.intercept(TransactionalInterceptorRequired.java:32)
	at io.quarkus.narayana.jta.runtime.interceptor.TransactionalInterceptorRequired_Bean.intercept(Unknown Source)
	at io.quarkus.arc.impl.InterceptorInvocation.invoke(InterceptorInvocation.java:42)
	at io.quarkus.arc.impl.AroundInvokeInvocationContext.perform(AroundInvokeInvocationContext.java:30)
	at io.quarkus.arc.impl.InvocationContexts.performAroundInvoke(InvocationContexts.java:27)
	at org.imaginnovate.Repository.common.EmployeeRepoTest_Subclass.setup(Unknown Source)
	at java.base/java.lang.reflect.Method.invoke(Method.java:580)
	at io.quarkus.test.junit.QuarkusTestExtension.runExtensionMethod(QuarkusTestExtension.java:1017)
	at io.quarkus.test.junit.QuarkusTestExtension.interceptBeforeEachMethod(QuarkusTestExtension.java:812)
	at java.base/java.util.ArrayList.forEach(ArrayList.java:1596)
	at java.base/java.util.ArrayList.forEach(ArrayList.java:1596)
Caused by: org.hibernate.PersistentObjectException: detached entity passed to persist: org.imaginnovate.entity.common.Employee
	at org.hibernate.event.internal.DefaultPersistEventListener.persist(DefaultPersistEventListener.java:88)
	at org.hibernate.event.internal.DefaultPersistEventListener.onPersist(DefaultPersistEventListener.java:77)
	at org.hibernate.event.internal.DefaultPersistEventListener.onPersist(DefaultPersistEventListener.java:54)
	at org.hibernate.event.service.internal.EventListenerGroupImpl.fireEventOnEachListener(EventListenerGroupImpl.java:127)
	at org.hibernate.internal.SessionImpl.firePersist(SessionImpl.java:757)
	... 28 more
]]></error>
  </testcase>
</testsuite>