<?xml version="1.0" encoding="UTF-8"?>
<testsuite xmlns:xsi="http://www.w3.org/2001/XMLSchema-instance" xsi:noNamespaceSchemaLocation="https://maven.apache.org/surefire/maven-surefire-plugin/xsd/surefire-test-report-3.0.xsd" version="3.0" name="org.imaginnovate.Repository.common.EmployeeDivisionRepoTest" time="0.366" tests="8" errors="0" skipped="0" failures="5">
  <properties>
[...]
</properties>
  <testcase name="testFindById_EmployeeDivision" classname="org.imaginnovate.Repository.common.EmployeeDivisionRepoTest" time="0.106">
    <system-out><![CDATA[Hibernate: 
    select
        ed1_0.id,
        ed1_0.created_at,
        cb1_0.id,
        cb1_0.created_at,
        cb2_0.id,
        cb2_0.created_at,
        cb2_0.created_by,
        cb2_0.deleted_at,
        cb2_0.deleted_by,
        cb2_0.employee_id,
        cb2_0.is_assigner,
        cb2_0.modified_at,
        cb2_0.modified_by,
        cb2_0.name,
        cb2_0.password,
        cb2_0.reset_token_expires_at,
        cb2_0.role,
        cb1_0.deleted_at,
        db2_0.id,
        db2_0.created_at,
        db2_0.created_by,
        db2_0.deleted_at,
        db2_0.deleted_by,
        db2_0.employee_id,
        db2_0.is_assigner,
        db2_0.modified_at,
        db2_0.modified_by,
        db2_0.name,
        db2_0.password,
        db2_0.reset_token_expires_at,
        db2_0.role,
        cb1_0.employee_id,
        e3_0.id,
        e3_0.can_approve_timesheets,
        e3_0.created_at,
        e3_0.created_by,
        e3_0.deleted_at,
        e3_0.deleted_by,
        e3_0.designation,
        e3_0.email,
        e3_0.end_date,
        e3_0.first_name,
        e3_0.gender,
        e3_0.last_name,
        e3_0.modified_at,
        e3_0.modified_by,
        e3_0.reports_to_id,
        e3_0.start_date,
        cb1_0.is_assigner,
        cb1_0.modified_at,
        mb4_0.id,
        mb4_0.created_at,
        mb4_0.created_by,
        mb4_0.deleted_at,
        mb4_0.deleted_by,
        mb4_0.employee_id,
        mb4_0.is_assigner,
        mb4_0.modified_at,
        mb4_0.modified_by,
        mb4_0.name,
        mb4_0.password,
        mb4_0.reset_token_expires_at,
        mb4_0.role,
        cb1_0.name,
        cb1_0.password,
        cb1_0.reset_token_expires_at,
        cb1_0.role,
        ed1_0.deleted_at,
        db6_0.id,
        db6_0.created_at,
        cb7_0.id,
        cb7_0.created_at,
        cb7_0.created_by,
        cb7_0.deleted_at,
        cb7_0.deleted_by,
        cb7_0.employee_id,
        cb7_0.is_assigner,
        cb7_0.modified_at,
        cb7_0.modified_by,
        cb7_0.name,
        cb7_0.password,
        cb7_0.reset_token_expires_at,
        cb7_0.role,
        db6_0.deleted_at,
        db8_0.id,
        db8_0.created_at,
        db8_0.created_by,
        db8_0.deleted_at,
        db8_0.deleted_by,
        db8_0.employee_id,
        db8_0.is_assigner,
        db8_0.modified_at,
        db8_0.modified_by,
        db8_0.name,
        db8_0.password,
        db8_0.reset_token_expires_at,
        db8_0.role,
        db6_0.employee_id,
        e7_0.id,
        e7_0.can_approve_timesheets,
        e7_0.created_at,
        e7_0.created_by,
        e7_0.deleted_at,
        e7_0.deleted_by,
        e7_0.designation,
        e7_0.email,
        e7_0.end_date,
        e7_0.first_name,
        e7_0.gender,
        e7_0.last_name,
        e7_0.modified_at,
        e7_0.modified_by,
        e7_0.reports_to_id,
        e7_0.start_date,
        db6_0.is_assigner,
        db6_0.modified_at,
        mb9_0.id,
        mb9_0.created_at,
        mb9_0.created_by,
        mb9_0.deleted_at,
        mb9_0.deleted_by,
        mb9_0.employee_id,
        mb9_0.is_assigner,
        mb9_0.modified_at,
        mb9_0.modified_by,
        mb9_0.name,
        mb9_0.password,
        mb9_0.reset_token_expires_at,
        mb9_0.role,
        db6_0.name,
        db6_0.password,
        db6_0.reset_token_expires_at,
        db6_0.role,
        ed1_0.division_id,
        d1_0.id,
        d1_0.created_at,
        cb12_0.id,
        cb12_0.created_at,
        cb12_0.created_by,
        cb12_0.deleted_at,
        cb12_0.deleted_by,
        cb12_0.employee_id,
        cb12_0.is_assigner,
        cb12_0.modified_at,
        cb12_0.modified_by,
        cb12_0.name,
        cb12_0.password,
        cb12_0.reset_token_expires_at,
        cb12_0.role,
        d1_0.deleted_at,
        db13_0.id,
        db13_0.created_at,
        db13_0.created_by,
        db13_0.deleted_at,
        db13_0.deleted_by,
        db13_0.employee_id,
        db13_0.is_assigner,
        db13_0.modified_at,
        db13_0.modified_by,
        db13_0.name,
        db13_0.password,
        db13_0.reset_token_expires_at,
        db13_0.role,
        d1_0.modified_at,
        mb13_0.id,
        mb13_0.created_at,
        mb13_0.created_by,
        mb13_0.deleted_at,
        mb13_0.deleted_by,
        mb13_0.employee_id,
        mb13_0.is_assigner,
        mb13_0.modified_at,
        mb13_0.modified_by,
        mb13_0.name,
        mb13_0.password,
        mb13_0.reset_token_expires_at,
        mb13_0.role,
        d1_0.name,
        p1_0.id,
        p1_0.created_at,
        p1_0.created_by,
        p1_0.deleted_at,
        p1_0.deleted_by,
        p1_0.modified_at,
        p1_0.modified_by,
        p1_0.name,
        p1_0.parent_id,
        ed1_0.employee_id,
        e12_0.id,
        e12_0.can_approve_timesheets,
        e12_0.created_at,
        cb17_0.id,
        cb17_0.created_at,
        cb17_0.created_by,
        cb17_0.deleted_at,
        cb17_0.deleted_by,
        cb17_0.employee_id,
        cb17_0.is_assigner,
        cb17_0.modified_at,
        cb17_0.modified_by,
        cb17_0.name,
        cb17_0.password,
        cb17_0.reset_token_expires_at,
        cb17_0.role,
        e12_0.deleted_at,
        db18_0.id,
        db18_0.created_at,
        db18_0.created_by,
        db18_0.deleted_at,
        db18_0.deleted_by,
        db18_0.employee_id,
        db18_0.is_assigner,
        db18_0.modified_at,
        db18_0.modified_by,
        db18_0.name,
        db18_0.password,
        db18_0.reset_token_expires_at,
        db18_0.role,
        e12_0.designation,
        e12_0.email,
        e12_0.end_date,
        e12_0.first_name,
        e12_0.gender,
        e12_0.last_name,
        e12_0.modified_at,
        mb18_0.id,
        mb18_0.created_at,
        mb18_0.created_by,
        mb18_0.deleted_at,
        mb18_0.deleted_by,
        mb18_0.employee_id,
        mb18_0.is_assigner,
        mb18_0.modified_at,
        mb18_0.modified_by,
        mb18_0.name,
        mb18_0.password,
        mb18_0.reset_token_expires_at,
        mb18_0.role,
        rt3_0.id,
        rt3_0.can_approve_timesheets,
        rt3_0.created_at,
        rt3_0.created_by,
        rt3_0.deleted_at,
        rt3_0.deleted_by,
        rt3_0.designation,
        rt3_0.email,
        rt3_0.end_date,
        rt3_0.first_name,
        rt3_0.gender,
        rt3_0.last_name,
        rt3_0.modified_at,
        rt3_0.modified_by,
        rt3_0.reports_to_id,
        rt3_0.start_date,
        e12_0.start_date,
        ed1_0.modified_at,
        mb21_0.id,
        mb21_0.created_at,
        cb22_0.id,
        cb22_0.created_at,
        cb22_0.created_by,
        cb22_0.deleted_at,
        cb22_0.deleted_by,
        cb22_0.employee_id,
        cb22_0.is_assigner,
        cb22_0.modified_at,
        cb22_0.modified_by,
        cb22_0.name,
        cb22_0.password,
        cb22_0.reset_token_expires_at,
        cb22_0.role,
        mb21_0.deleted_at,
        db23_0.id,
        db23_0.created_at,
        db23_0.created_by,
        db23_0.deleted_at,
        db23_0.deleted_by,
        db23_0.employee_id,
        db23_0.is_assigner,
        db23_0.modified_at,
        db23_0.modified_by,
        db23_0.name,
        db23_0.password,
        db23_0.reset_token_expires_at,
        db23_0.role,
        mb21_0.employee_id,
        e18_0.id,
        e18_0.can_approve_timesheets,
        e18_0.created_at,
        e18_0.created_by,
        e18_0.deleted_at,
        e18_0.deleted_by,
        e18_0.designation,
        e18_0.email,
        e18_0.end_date,
        e18_0.first_name,
        e18_0.gender,
        e18_0.last_name,
        e18_0.modified_at,
        e18_0.modified_by,
        e18_0.reports_to_id,
        e18_0.start_date,
        mb21_0.is_assigner,
        mb21_0.modified_at,
        mb25_0.id,
        mb25_0.created_at,
        mb25_0.created_by,
        mb25_0.deleted_at,
        mb25_0.deleted_by,
        mb25_0.employee_id,
        mb25_0.is_assigner,
        mb25_0.modified_at,
        mb25_0.modified_by,
        mb25_0.name,
        mb25_0.password,
        mb25_0.reset_token_expires_at,
        mb25_0.role,
        mb21_0.name,
        mb21_0.password,
        mb21_0.reset_token_expires_at,
        mb21_0.role,
        ed1_0.primary_division 
    from
        employee_divisions ed1_0 
    left join
        users cb1_0 
            on cb1_0.id=ed1_0.created_by 
    left join
        users cb2_0 
            on cb2_0.id=cb1_0.created_by 
    left join
        users db2_0 
            on db2_0.id=cb1_0.deleted_by 
    left join
        employees e3_0 
            on e3_0.id=cb1_0.employee_id 
    left join
        users mb4_0 
            on mb4_0.id=cb1_0.modified_by 
    left join
        users db6_0 
            on db6_0.id=ed1_0.deleted_by 
    left join
        users cb7_0 
            on cb7_0.id=db6_0.created_by 
    left join
        users db8_0 
            on db8_0.id=db6_0.deleted_by 
    left join
        employees e7_0 
            on e7_0.id=db6_0.employee_id 
    left join
        users mb9_0 
            on mb9_0.id=db6_0.modified_by 
    join
        divisions d1_0 
            on d1_0.id=ed1_0.division_id 
    left join
        users cb12_0 
            on cb12_0.id=d1_0.created_by 
    left join
        users db13_0 
            on db13_0.id=d1_0.deleted_by 
    left join
        users mb13_0 
            on mb13_0.id=d1_0.modified_by 
    left join
        divisions p1_0 
            on p1_0.id=d1_0.parent_id 
    join
        employees e12_0 
            on e12_0.id=ed1_0.employee_id 
    left join
        users cb17_0 
            on cb17_0.id=e12_0.created_by 
    left join
        users db18_0 
            on db18_0.id=e12_0.deleted_by 
    left join
        users mb18_0 
            on mb18_0.id=e12_0.modified_by 
    left join
        employees rt3_0 
            on rt3_0.id=e12_0.reports_to_id 
    left join
        users mb21_0 
            on mb21_0.id=ed1_0.modified_by 
    left join
        users cb22_0 
            on cb22_0.id=mb21_0.created_by 
    left join
        users db23_0 
            on db23_0.id=mb21_0.deleted_by 
    left join
        employees e18_0 
            on e18_0.id=mb21_0.employee_id 
    left join
        users mb25_0 
            on mb25_0.id=mb21_0.modified_by 
    where
        ed1_0.id=?
Hibernate: 
    select
        e1_0.id,
        e1_0.can_approve_timesheets,
        e1_0.created_at,
        cb1_0.id,
        cb1_0.created_at,
        cb2_0.id,
        cb2_0.created_at,
        cb2_0.created_by,
        cb2_0.deleted_at,
        cb2_0.deleted_by,
        cb2_0.employee_id,
        cb2_0.is_assigner,
        cb2_0.modified_at,
        cb2_0.modified_by,
        cb2_0.name,
        cb2_0.password,
        cb2_0.reset_token_expires_at,
        cb2_0.role,
        cb1_0.deleted_at,
        db2_0.id,
        db2_0.created_at,
        db2_0.created_by,
        db2_0.deleted_at,
        db2_0.deleted_by,
        db2_0.employee_id,
        db2_0.is_assigner,
        db2_0.modified_at,
        db2_0.modified_by,
        db2_0.name,
        db2_0.password,
        db2_0.reset_token_expires_at,
        db2_0.role,
        cb1_0.employee_id,
        e4_0.id,
        e4_0.can_approve_timesheets,
        e4_0.created_at,
        e4_0.created_by,
        e4_0.deleted_at,
        e4_0.deleted_by,
        e4_0.designation,
        e4_0.email,
        e4_0.end_date,
        e4_0.first_name,
        e4_0.gender,
        e4_0.last_name,
        e4_0.modified_at,
        e4_0.modified_by,
        e4_0.reports_to_id,
        e4_0.start_date,
        cb1_0.is_assigner,
        cb1_0.modified_at,
        mb4_0.id,
        mb4_0.created_at,
        mb4_0.created_by,
        mb4_0.deleted_at,
        mb4_0.deleted_by,
        mb4_0.employee_id,
        mb4_0.is_assigner,
        mb4_0.modified_at,
        mb4_0.modified_by,
        mb4_0.name,
        mb4_0.password,
        mb4_0.reset_token_expires_at,
        mb4_0.role,
        cb1_0.name,
        cb1_0.password,
        cb1_0.reset_token_expires_at,
        cb1_0.role,
        e1_0.deleted_at,
        db6_0.id,
        db6_0.created_at,
        cb7_0.id,
        cb7_0.created_at,
        cb7_0.created_by,
        cb7_0.deleted_at,
        cb7_0.deleted_by,
        cb7_0.employee_id,
        cb7_0.is_assigner,
        cb7_0.modified_at,
        cb7_0.modified_by,
        cb7_0.name,
        cb7_0.password,
        cb7_0.reset_token_expires_at,
        cb7_0.role,
        db6_0.deleted_at,
        db8_0.id,
        db8_0.created_at,
        db8_0.created_by,
        db8_0.deleted_at,
        db8_0.deleted_by,
        db8_0.employee_id,
        db8_0.is_assigner,
        db8_0.modified_at,
        db8_0.modified_by,
        db8_0.name,
        db8_0.password,
        db8_0.reset_token_expires_at,
        db8_0.role,
        db6_0.employee_id,
        e8_0.id,
        e8_0.can_approve_timesheets,
        e8_0.created_at,
        e8_0.created_by,
        e8_0.deleted_at,
        e8_0.deleted_by,
        e8_0.designation,
        e8_0.email,
        e8_0.end_date,
        e8_0.first_name,
        e8_0.gender,
        e8_0.last_name,
        e8_0.modified_at,
        e8_0.modified_by,
        e8_0.reports_to_id,
        e8_0.start_date,
        db6_0.is_assigner,
        db6_0.modified_at,
        mb9_0.id,
        mb9_0.created_at,
        mb9_0.created_by,
        mb9_0.deleted_at,
        mb9_0.deleted_by,
        mb9_0.employee_id,
        mb9_0.is_assigner,
        mb9_0.modified_at,
        mb9_0.modified_by,
        mb9_0.name,
        mb9_0.password,
        mb9_0.reset_token_expires_at,
        mb9_0.role,
        db6_0.name,
        db6_0.password,
        db6_0.reset_token_expires_at,
        db6_0.role,
        e1_0.designation,
        e1_0.email,
        e1_0.end_date,
        e1_0.first_name,
        e1_0.gender,
        e1_0.last_name,
        e1_0.modified_at,
        mb11_0.id,
        mb11_0.created_at,
        cb12_0.id,
        cb12_0.created_at,
        cb12_0.created_by,
        cb12_0.deleted_at,
        cb12_0.deleted_by,
        cb12_0.employee_id,
        cb12_0.is_assigner,
        cb12_0.modified_at,
        cb12_0.modified_by,
        cb12_0.name,
        cb12_0.password,
        cb12_0.reset_token_expires_at,
        cb12_0.role,
        mb11_0.deleted_at,
        db13_0.id,
        db13_0.created_at,
        db13_0.created_by,
        db13_0.deleted_at,
        db13_0.deleted_by,
        db13_0.employee_id,
        db13_0.is_assigner,
        db13_0.modified_at,
        db13_0.modified_by,
        db13_0.name,
        db13_0.password,
        db13_0.reset_token_expires_at,
        db13_0.role,
        mb11_0.employee_id,
        e12_0.id,
        e12_0.can_approve_timesheets,
        e12_0.created_at,
        e12_0.created_by,
        e12_0.deleted_at,
        e12_0.deleted_by,
        e12_0.designation,
        e12_0.email,
        e12_0.end_date,
        e12_0.first_name,
        e12_0.gender,
        e12_0.last_name,
        e12_0.modified_at,
        e12_0.modified_by,
        e12_0.reports_to_id,
        e12_0.start_date,
        mb11_0.is_assigner,
        mb11_0.modified_at,
        mb15_0.id,
        mb15_0.created_at,
        mb15_0.created_by,
        mb15_0.deleted_at,
        mb15_0.deleted_by,
        mb15_0.employee_id,
        mb15_0.is_assigner,
        mb15_0.modified_at,
        mb15_0.modified_by,
        mb15_0.name,
        mb15_0.password,
        mb15_0.reset_token_expires_at,
        mb15_0.role,
        mb11_0.name,
        mb11_0.password,
        mb11_0.reset_token_expires_at,
        mb11_0.role,
        rt4_0.id,
        rt4_0.can_approve_timesheets,
        rt4_0.created_at,
        cb17_0.id,
        cb17_0.created_at,
        cb17_0.created_by,
        cb17_0.deleted_at,
        cb17_0.deleted_by,
        cb17_0.employee_id,
        cb17_0.is_assigner,
        cb17_0.modified_at,
        cb17_0.modified_by,
        cb17_0.name,
        cb17_0.password,
        cb17_0.reset_token_expires_at,
        cb17_0.role,
        rt4_0.deleted_at,
        db18_0.id,
        db18_0.created_at,
        db18_0.created_by,
        db18_0.deleted_at,
        db18_0.deleted_by,
        db18_0.employee_id,
        db18_0.is_assigner,
        db18_0.modified_at,
        db18_0.modified_by,
        db18_0.name,
        db18_0.password,
        db18_0.reset_token_expires_at,
        db18_0.role,
        rt4_0.designation,
        rt4_0.email,
        rt4_0.end_date,
        rt4_0.first_name,
        rt4_0.gender,
        rt4_0.last_name,
        rt4_0.modified_at,
        mb19_0.id,
        mb19_0.created_at,
        mb19_0.created_by,
        mb19_0.deleted_at,
        mb19_0.deleted_by,
        mb19_0.employee_id,
        mb19_0.is_assigner,
        mb19_0.modified_at,
        mb19_0.modified_by,
        mb19_0.name,
        mb19_0.password,
        mb19_0.reset_token_expires_at,
        mb19_0.role,
        rt4_0.reports_to_id,
        rt4_0.start_date,
        e1_0.start_date 
    from
        employees e1_0 
    left join
        users cb1_0 
            on cb1_0.id=e1_0.created_by 
    left join
        users cb2_0 
            on cb2_0.id=cb1_0.created_by 
    left join
        users db2_0 
            on db2_0.id=cb1_0.deleted_by 
    left join
        employees e4_0 
            on e4_0.id=cb1_0.employee_id 
    left join
        users mb4_0 
            on mb4_0.id=cb1_0.modified_by 
    left join
        users db6_0 
            on db6_0.id=e1_0.deleted_by 
    left join
        users cb7_0 
            on cb7_0.id=db6_0.created_by 
    left join
        users db8_0 
            on db8_0.id=db6_0.deleted_by 
    left join
        employees e8_0 
            on e8_0.id=db6_0.employee_id 
    left join
        users mb9_0 
            on mb9_0.id=db6_0.modified_by 
    left join
        users mb11_0 
            on mb11_0.id=e1_0.modified_by 
    left join
        users cb12_0 
            on cb12_0.id=mb11_0.created_by 
    left join
        users db13_0 
            on db13_0.id=mb11_0.deleted_by 
    left join
        employees e12_0 
            on e12_0.id=mb11_0.employee_id 
    left join
        users mb15_0 
            on mb15_0.id=mb11_0.modified_by 
    left join
        employees rt4_0 
            on rt4_0.id=e1_0.reports_to_id 
    left join
        users cb17_0 
            on cb17_0.id=rt4_0.created_by 
    left join
        users db18_0 
            on db18_0.id=rt4_0.deleted_by 
    left join
        users mb19_0 
            on mb19_0.id=rt4_0.modified_by 
    where
        e1_0.id=?
]]></system-out>
  </testcase>
  <testcase name="testFindById_Int" classname="org.imaginnovate.Repository.common.EmployeeDivisionRepoTest" time="0.029">
    <system-out><![CDATA[Hibernate: 
    select
        ed1_0.id,
        ed1_0.created_at,
        cb1_0.id,
        cb1_0.created_at,
        cb2_0.id,
        cb2_0.created_at,
        cb2_0.created_by,
        cb2_0.deleted_at,
        cb2_0.deleted_by,
        cb2_0.employee_id,
        cb2_0.is_assigner,
        cb2_0.modified_at,
        cb2_0.modified_by,
        cb2_0.name,
        cb2_0.password,
        cb2_0.reset_token_expires_at,
        cb2_0.role,
        cb1_0.deleted_at,
        db2_0.id,
        db2_0.created_at,
        db2_0.created_by,
        db2_0.deleted_at,
        db2_0.deleted_by,
        db2_0.employee_id,
        db2_0.is_assigner,
        db2_0.modified_at,
        db2_0.modified_by,
        db2_0.name,
        db2_0.password,
        db2_0.reset_token_expires_at,
        db2_0.role,
        cb1_0.employee_id,
        e3_0.id,
        e3_0.can_approve_timesheets,
        e3_0.created_at,
        e3_0.created_by,
        e3_0.deleted_at,
        e3_0.deleted_by,
        e3_0.designation,
        e3_0.email,
        e3_0.end_date,
        e3_0.first_name,
        e3_0.gender,
        e3_0.last_name,
        e3_0.modified_at,
        e3_0.modified_by,
        e3_0.reports_to_id,
        e3_0.start_date,
        cb1_0.is_assigner,
        cb1_0.modified_at,
        mb4_0.id,
        mb4_0.created_at,
        mb4_0.created_by,
        mb4_0.deleted_at,
        mb4_0.deleted_by,
        mb4_0.employee_id,
        mb4_0.is_assigner,
        mb4_0.modified_at,
        mb4_0.modified_by,
        mb4_0.name,
        mb4_0.password,
        mb4_0.reset_token_expires_at,
        mb4_0.role,
        cb1_0.name,
        cb1_0.password,
        cb1_0.reset_token_expires_at,
        cb1_0.role,
        ed1_0.deleted_at,
        db6_0.id,
        db6_0.created_at,
        cb7_0.id,
        cb7_0.created_at,
        cb7_0.created_by,
        cb7_0.deleted_at,
        cb7_0.deleted_by,
        cb7_0.employee_id,
        cb7_0.is_assigner,
        cb7_0.modified_at,
        cb7_0.modified_by,
        cb7_0.name,
        cb7_0.password,
        cb7_0.reset_token_expires_at,
        cb7_0.role,
        db6_0.deleted_at,
        db8_0.id,
        db8_0.created_at,
        db8_0.created_by,
        db8_0.deleted_at,
        db8_0.deleted_by,
        db8_0.employee_id,
        db8_0.is_assigner,
        db8_0.modified_at,
        db8_0.modified_by,
        db8_0.name,
        db8_0.password,
        db8_0.reset_token_expires_at,
        db8_0.role,
        db6_0.employee_id,
        e7_0.id,
        e7_0.can_approve_timesheets,
        e7_0.created_at,
        e7_0.created_by,
        e7_0.deleted_at,
        e7_0.deleted_by,
        e7_0.designation,
        e7_0.email,
        e7_0.end_date,
        e7_0.first_name,
        e7_0.gender,
        e7_0.last_name,
        e7_0.modified_at,
        e7_0.modified_by,
        e7_0.reports_to_id,
        e7_0.start_date,
        db6_0.is_assigner,
        db6_0.modified_at,
        mb9_0.id,
        mb9_0.created_at,
        mb9_0.created_by,
        mb9_0.deleted_at,
        mb9_0.deleted_by,
        mb9_0.employee_id,
        mb9_0.is_assigner,
        mb9_0.modified_at,
        mb9_0.modified_by,
        mb9_0.name,
        mb9_0.password,
        mb9_0.reset_token_expires_at,
        mb9_0.role,
        db6_0.name,
        db6_0.password,
        db6_0.reset_token_expires_at,
        db6_0.role,
        ed1_0.division_id,
        d1_0.id,
        d1_0.created_at,
        cb12_0.id,
        cb12_0.created_at,
        cb12_0.created_by,
        cb12_0.deleted_at,
        cb12_0.deleted_by,
        cb12_0.employee_id,
        cb12_0.is_assigner,
        cb12_0.modified_at,
        cb12_0.modified_by,
        cb12_0.name,
        cb12_0.password,
        cb12_0.reset_token_expires_at,
        cb12_0.role,
        d1_0.deleted_at,
        db13_0.id,
        db13_0.created_at,
        db13_0.created_by,
        db13_0.deleted_at,
        db13_0.deleted_by,
        db13_0.employee_id,
        db13_0.is_assigner,
        db13_0.modified_at,
        db13_0.modified_by,
        db13_0.name,
        db13_0.password,
        db13_0.reset_token_expires_at,
        db13_0.role,
        d1_0.modified_at,
        mb13_0.id,
        mb13_0.created_at,
        mb13_0.created_by,
        mb13_0.deleted_at,
        mb13_0.deleted_by,
        mb13_0.employee_id,
        mb13_0.is_assigner,
        mb13_0.modified_at,
        mb13_0.modified_by,
        mb13_0.name,
        mb13_0.password,
        mb13_0.reset_token_expires_at,
        mb13_0.role,
        d1_0.name,
        p1_0.id,
        p1_0.created_at,
        p1_0.created_by,
        p1_0.deleted_at,
        p1_0.deleted_by,
        p1_0.modified_at,
        p1_0.modified_by,
        p1_0.name,
        p1_0.parent_id,
        ed1_0.employee_id,
        e12_0.id,
        e12_0.can_approve_timesheets,
        e12_0.created_at,
        cb17_0.id,
        cb17_0.created_at,
        cb17_0.created_by,
        cb17_0.deleted_at,
        cb17_0.deleted_by,
        cb17_0.employee_id,
        cb17_0.is_assigner,
        cb17_0.modified_at,
        cb17_0.modified_by,
        cb17_0.name,
        cb17_0.password,
        cb17_0.reset_token_expires_at,
        cb17_0.role,
        e12_0.deleted_at,
        db18_0.id,
        db18_0.created_at,
        db18_0.created_by,
        db18_0.deleted_at,
        db18_0.deleted_by,
        db18_0.employee_id,
        db18_0.is_assigner,
        db18_0.modified_at,
        db18_0.modified_by,
        db18_0.name,
        db18_0.password,
        db18_0.reset_token_expires_at,
        db18_0.role,
        e12_0.designation,
        e12_0.email,
        e12_0.end_date,
        e12_0.first_name,
        e12_0.gender,
        e12_0.last_name,
        e12_0.modified_at,
        mb18_0.id,
        mb18_0.created_at,
        mb18_0.created_by,
        mb18_0.deleted_at,
        mb18_0.deleted_by,
        mb18_0.employee_id,
        mb18_0.is_assigner,
        mb18_0.modified_at,
        mb18_0.modified_by,
        mb18_0.name,
        mb18_0.password,
        mb18_0.reset_token_expires_at,
        mb18_0.role,
        rt3_0.id,
        rt3_0.can_approve_timesheets,
        rt3_0.created_at,
        rt3_0.created_by,
        rt3_0.deleted_at,
        rt3_0.deleted_by,
        rt3_0.designation,
        rt3_0.email,
        rt3_0.end_date,
        rt3_0.first_name,
        rt3_0.gender,
        rt3_0.last_name,
        rt3_0.modified_at,
        rt3_0.modified_by,
        rt3_0.reports_to_id,
        rt3_0.start_date,
        e12_0.start_date,
        ed1_0.modified_at,
        mb21_0.id,
        mb21_0.created_at,
        cb22_0.id,
        cb22_0.created_at,
        cb22_0.created_by,
        cb22_0.deleted_at,
        cb22_0.deleted_by,
        cb22_0.employee_id,
        cb22_0.is_assigner,
        cb22_0.modified_at,
        cb22_0.modified_by,
        cb22_0.name,
        cb22_0.password,
        cb22_0.reset_token_expires_at,
        cb22_0.role,
        mb21_0.deleted_at,
        db23_0.id,
        db23_0.created_at,
        db23_0.created_by,
        db23_0.deleted_at,
        db23_0.deleted_by,
        db23_0.employee_id,
        db23_0.is_assigner,
        db23_0.modified_at,
        db23_0.modified_by,
        db23_0.name,
        db23_0.password,
        db23_0.reset_token_expires_at,
        db23_0.role,
        mb21_0.employee_id,
        e18_0.id,
        e18_0.can_approve_timesheets,
        e18_0.created_at,
        e18_0.created_by,
        e18_0.deleted_at,
        e18_0.deleted_by,
        e18_0.designation,
        e18_0.email,
        e18_0.end_date,
        e18_0.first_name,
        e18_0.gender,
        e18_0.last_name,
        e18_0.modified_at,
        e18_0.modified_by,
        e18_0.reports_to_id,
        e18_0.start_date,
        mb21_0.is_assigner,
        mb21_0.modified_at,
        mb25_0.id,
        mb25_0.created_at,
        mb25_0.created_by,
        mb25_0.deleted_at,
        mb25_0.deleted_by,
        mb25_0.employee_id,
        mb25_0.is_assigner,
        mb25_0.modified_at,
        mb25_0.modified_by,
        mb25_0.name,
        mb25_0.password,
        mb25_0.reset_token_expires_at,
        mb25_0.role,
        mb21_0.name,
        mb21_0.password,
        mb21_0.reset_token_expires_at,
        mb21_0.role,
        ed1_0.primary_division 
    from
        employee_divisions ed1_0 
    left join
        users cb1_0 
            on cb1_0.id=ed1_0.created_by 
    left join
        users cb2_0 
            on cb2_0.id=cb1_0.created_by 
    left join
        users db2_0 
            on db2_0.id=cb1_0.deleted_by 
    left join
        employees e3_0 
            on e3_0.id=cb1_0.employee_id 
    left join
        users mb4_0 
            on mb4_0.id=cb1_0.modified_by 
    left join
        users db6_0 
            on db6_0.id=ed1_0.deleted_by 
    left join
        users cb7_0 
            on cb7_0.id=db6_0.created_by 
    left join
        users db8_0 
            on db8_0.id=db6_0.deleted_by 
    left join
        employees e7_0 
            on e7_0.id=db6_0.employee_id 
    left join
        users mb9_0 
            on mb9_0.id=db6_0.modified_by 
    join
        divisions d1_0 
            on d1_0.id=ed1_0.division_id 
    left join
        users cb12_0 
            on cb12_0.id=d1_0.created_by 
    left join
        users db13_0 
            on db13_0.id=d1_0.deleted_by 
    left join
        users mb13_0 
            on mb13_0.id=d1_0.modified_by 
    left join
        divisions p1_0 
            on p1_0.id=d1_0.parent_id 
    join
        employees e12_0 
            on e12_0.id=ed1_0.employee_id 
    left join
        users cb17_0 
            on cb17_0.id=e12_0.created_by 
    left join
        users db18_0 
            on db18_0.id=e12_0.deleted_by 
    left join
        users mb18_0 
            on mb18_0.id=e12_0.modified_by 
    left join
        employees rt3_0 
            on rt3_0.id=e12_0.reports_to_id 
    left join
        users mb21_0 
            on mb21_0.id=ed1_0.modified_by 
    left join
        users cb22_0 
            on cb22_0.id=mb21_0.created_by 
    left join
        users db23_0 
            on db23_0.id=mb21_0.deleted_by 
    left join
        employees e18_0 
            on e18_0.id=mb21_0.employee_id 
    left join
        users mb25_0 
            on mb25_0.id=mb21_0.modified_by 
    where
        ed1_0.id=?
Hibernate: 
    select
        e1_0.id,
        e1_0.can_approve_timesheets,
        e1_0.created_at,
        cb1_0.id,
        cb1_0.created_at,
        cb2_0.id,
        cb2_0.created_at,
        cb2_0.created_by,
        cb2_0.deleted_at,
        cb2_0.deleted_by,
        cb2_0.employee_id,
        cb2_0.is_assigner,
        cb2_0.modified_at,
        cb2_0.modified_by,
        cb2_0.name,
        cb2_0.password,
        cb2_0.reset_token_expires_at,
        cb2_0.role,
        cb1_0.deleted_at,
        db2_0.id,
        db2_0.created_at,
        db2_0.created_by,
        db2_0.deleted_at,
        db2_0.deleted_by,
        db2_0.employee_id,
        db2_0.is_assigner,
        db2_0.modified_at,
        db2_0.modified_by,
        db2_0.name,
        db2_0.password,
        db2_0.reset_token_expires_at,
        db2_0.role,
        cb1_0.employee_id,
        e4_0.id,
        e4_0.can_approve_timesheets,
        e4_0.created_at,
        e4_0.created_by,
        e4_0.deleted_at,
        e4_0.deleted_by,
        e4_0.designation,
        e4_0.email,
        e4_0.end_date,
        e4_0.first_name,
        e4_0.gender,
        e4_0.last_name,
        e4_0.modified_at,
        e4_0.modified_by,
        e4_0.reports_to_id,
        e4_0.start_date,
        cb1_0.is_assigner,
        cb1_0.modified_at,
        mb4_0.id,
        mb4_0.created_at,
        mb4_0.created_by,
        mb4_0.deleted_at,
        mb4_0.deleted_by,
        mb4_0.employee_id,
        mb4_0.is_assigner,
        mb4_0.modified_at,
        mb4_0.modified_by,
        mb4_0.name,
        mb4_0.password,
        mb4_0.reset_token_expires_at,
        mb4_0.role,
        cb1_0.name,
        cb1_0.password,
        cb1_0.reset_token_expires_at,
        cb1_0.role,
        e1_0.deleted_at,
        db6_0.id,
        db6_0.created_at,
        cb7_0.id,
        cb7_0.created_at,
        cb7_0.created_by,
        cb7_0.deleted_at,
        cb7_0.deleted_by,
        cb7_0.employee_id,
        cb7_0.is_assigner,
        cb7_0.modified_at,
        cb7_0.modified_by,
        cb7_0.name,
        cb7_0.password,
        cb7_0.reset_token_expires_at,
        cb7_0.role,
        db6_0.deleted_at,
        db8_0.id,
        db8_0.created_at,
        db8_0.created_by,
        db8_0.deleted_at,
        db8_0.deleted_by,
        db8_0.employee_id,
        db8_0.is_assigner,
        db8_0.modified_at,
        db8_0.modified_by,
        db8_0.name,
        db8_0.password,
        db8_0.reset_token_expires_at,
        db8_0.role,
        db6_0.employee_id,
        e8_0.id,
        e8_0.can_approve_timesheets,
        e8_0.created_at,
        e8_0.created_by,
        e8_0.deleted_at,
        e8_0.deleted_by,
        e8_0.designation,
        e8_0.email,
        e8_0.end_date,
        e8_0.first_name,
        e8_0.gender,
        e8_0.last_name,
        e8_0.modified_at,
        e8_0.modified_by,
        e8_0.reports_to_id,
        e8_0.start_date,
        db6_0.is_assigner,
        db6_0.modified_at,
        mb9_0.id,
        mb9_0.created_at,
        mb9_0.created_by,
        mb9_0.deleted_at,
        mb9_0.deleted_by,
        mb9_0.employee_id,
        mb9_0.is_assigner,
        mb9_0.modified_at,
        mb9_0.modified_by,
        mb9_0.name,
        mb9_0.password,
        mb9_0.reset_token_expires_at,
        mb9_0.role,
        db6_0.name,
        db6_0.password,
        db6_0.reset_token_expires_at,
        db6_0.role,
        e1_0.designation,
        e1_0.email,
        e1_0.end_date,
        e1_0.first_name,
        e1_0.gender,
        e1_0.last_name,
        e1_0.modified_at,
        mb11_0.id,
        mb11_0.created_at,
        cb12_0.id,
        cb12_0.created_at,
        cb12_0.created_by,
        cb12_0.deleted_at,
        cb12_0.deleted_by,
        cb12_0.employee_id,
        cb12_0.is_assigner,
        cb12_0.modified_at,
        cb12_0.modified_by,
        cb12_0.name,
        cb12_0.password,
        cb12_0.reset_token_expires_at,
        cb12_0.role,
        mb11_0.deleted_at,
        db13_0.id,
        db13_0.created_at,
        db13_0.created_by,
        db13_0.deleted_at,
        db13_0.deleted_by,
        db13_0.employee_id,
        db13_0.is_assigner,
        db13_0.modified_at,
        db13_0.modified_by,
        db13_0.name,
        db13_0.password,
        db13_0.reset_token_expires_at,
        db13_0.role,
        mb11_0.employee_id,
        e12_0.id,
        e12_0.can_approve_timesheets,
        e12_0.created_at,
        e12_0.created_by,
        e12_0.deleted_at,
        e12_0.deleted_by,
        e12_0.designation,
        e12_0.email,
        e12_0.end_date,
        e12_0.first_name,
        e12_0.gender,
        e12_0.last_name,
        e12_0.modified_at,
        e12_0.modified_by,
        e12_0.reports_to_id,
        e12_0.start_date,
        mb11_0.is_assigner,
        mb11_0.modified_at,
        mb15_0.id,
        mb15_0.created_at,
        mb15_0.created_by,
        mb15_0.deleted_at,
        mb15_0.deleted_by,
        mb15_0.employee_id,
        mb15_0.is_assigner,
        mb15_0.modified_at,
        mb15_0.modified_by,
        mb15_0.name,
        mb15_0.password,
        mb15_0.reset_token_expires_at,
        mb15_0.role,
        mb11_0.name,
        mb11_0.password,
        mb11_0.reset_token_expires_at,
        mb11_0.role,
        rt4_0.id,
        rt4_0.can_approve_timesheets,
        rt4_0.created_at,
        cb17_0.id,
        cb17_0.created_at,
        cb17_0.created_by,
        cb17_0.deleted_at,
        cb17_0.deleted_by,
        cb17_0.employee_id,
        cb17_0.is_assigner,
        cb17_0.modified_at,
        cb17_0.modified_by,
        cb17_0.name,
        cb17_0.password,
        cb17_0.reset_token_expires_at,
        cb17_0.role,
        rt4_0.deleted_at,
        db18_0.id,
        db18_0.created_at,
        db18_0.created_by,
        db18_0.deleted_at,
        db18_0.deleted_by,
        db18_0.employee_id,
        db18_0.is_assigner,
        db18_0.modified_at,
        db18_0.modified_by,
        db18_0.name,
        db18_0.password,
        db18_0.reset_token_expires_at,
        db18_0.role,
        rt4_0.designation,
        rt4_0.email,
        rt4_0.end_date,
        rt4_0.first_name,
        rt4_0.gender,
        rt4_0.last_name,
        rt4_0.modified_at,
        mb19_0.id,
        mb19_0.created_at,
        mb19_0.created_by,
        mb19_0.deleted_at,
        mb19_0.deleted_by,
        mb19_0.employee_id,
        mb19_0.is_assigner,
        mb19_0.modified_at,
        mb19_0.modified_by,
        mb19_0.name,
        mb19_0.password,
        mb19_0.reset_token_expires_at,
        mb19_0.role,
        rt4_0.reports_to_id,
        rt4_0.start_date,
        e1_0.start_date 
    from
        employees e1_0 
    left join
        users cb1_0 
            on cb1_0.id=e1_0.created_by 
    left join
        users cb2_0 
            on cb2_0.id=cb1_0.created_by 
    left join
        users db2_0 
            on db2_0.id=cb1_0.deleted_by 
    left join
        employees e4_0 
            on e4_0.id=cb1_0.employee_id 
    left join
        users mb4_0 
            on mb4_0.id=cb1_0.modified_by 
    left join
        users db6_0 
            on db6_0.id=e1_0.deleted_by 
    left join
        users cb7_0 
            on cb7_0.id=db6_0.created_by 
    left join
        users db8_0 
            on db8_0.id=db6_0.deleted_by 
    left join
        employees e8_0 
            on e8_0.id=db6_0.employee_id 
    left join
        users mb9_0 
            on mb9_0.id=db6_0.modified_by 
    left join
        users mb11_0 
            on mb11_0.id=e1_0.modified_by 
    left join
        users cb12_0 
            on cb12_0.id=mb11_0.created_by 
    left join
        users db13_0 
            on db13_0.id=mb11_0.deleted_by 
    left join
        employees e12_0 
            on e12_0.id=mb11_0.employee_id 
    left join
        users mb15_0 
            on mb15_0.id=mb11_0.modified_by 
    left join
        employees rt4_0 
            on rt4_0.id=e1_0.reports_to_id 
    left join
        users cb17_0 
            on cb17_0.id=rt4_0.created_by 
    left join
        users db18_0 
            on db18_0.id=rt4_0.deleted_by 
    left join
        users mb19_0 
            on mb19_0.id=rt4_0.modified_by 
    where
        e1_0.id=?
]]></system-out>
  </testcase>
  <testcase name="testFindByEmployeeId" classname="org.imaginnovate.Repository.common.EmployeeDivisionRepoTest" time="0.022">
    <failure message="expected: &lt;false&gt; but was: &lt;true&gt;" type="org.opentest4j.AssertionFailedError"><![CDATA[org.opentest4j.AssertionFailedError: expected: <false> but was: <true>
	at org.junit.jupiter.api.AssertionFailureBuilder.build(AssertionFailureBuilder.java:151)
	at org.junit.jupiter.api.AssertionFailureBuilder.buildAndThrow(AssertionFailureBuilder.java:132)
	at org.junit.jupiter.api.AssertFalse.failNotFalse(AssertFalse.java:63)
	at org.junit.jupiter.api.AssertFalse.assertFalse(AssertFalse.java:36)
	at org.junit.jupiter.api.AssertFalse.assertFalse(AssertFalse.java:31)
	at org.junit.jupiter.api.Assertions.assertFalse(Assertions.java:231)
	at org.imaginnovate.Repository.common.EmployeeDivisionRepoTest.testFindByEmployeeId(EmployeeDivisionRepoTest.java:78)
	at java.base/java.lang.reflect.Method.invoke(Method.java:580)
	at io.quarkus.test.junit.QuarkusTestExtension.runExtensionMethod(QuarkusTestExtension.java:1017)
	at io.quarkus.test.junit.QuarkusTestExtension.interceptTestMethod(QuarkusTestExtension.java:831)
	at java.base/java.util.ArrayList.forEach(ArrayList.java:1596)
	at java.base/java.util.ArrayList.forEach(ArrayList.java:1596)
]]></failure>
    <system-out><![CDATA[Hibernate: 
    select
        ed1_0.id,
        ed1_0.created_at,
        ed1_0.created_by,
        ed1_0.deleted_at,
        ed1_0.deleted_by,
        ed1_0.division_id,
        ed1_0.employee_id,
        ed1_0.modified_at,
        ed1_0.modified_by,
        ed1_0.primary_division 
    from
        employee_divisions ed1_0 
    where
        ed1_0.employee_id=?
]]></system-out>
  </testcase>
  <testcase name="testFindAllEmployeeDivisions" classname="org.imaginnovate.Repository.common.EmployeeDivisionRepoTest" time="0.026">
    <system-out><![CDATA[Hibernate: 
    select
        ed1_0.id,
        ed1_0.employee_id,
        ed1_0.division_id,
        ed1_0.primary_division,
        ed1_0.created_by,
        ed1_0.created_at,
        ed1_0.modified_by,
        ed1_0.modified_at,
        ed1_0.deleted_by,
        ed1_0.deleted_at 
    from
        employee_divisions ed1_0 
    order by
        ed1_0.employee_id,
        ed1_0.division_id
]]></system-out>
  </testcase>
  <testcase name="testCanApproveInDivision" classname="org.imaginnovate.Repository.common.EmployeeDivisionRepoTest" time="0.097">
    <failure message="expected: &lt;true&gt; but was: &lt;false&gt;" type="org.opentest4j.AssertionFailedError"><![CDATA[org.opentest4j.AssertionFailedError: expected: <true> but was: <false>
	at org.junit.jupiter.api.AssertionFailureBuilder.build(AssertionFailureBuilder.java:151)
	at org.junit.jupiter.api.AssertionFailureBuilder.buildAndThrow(AssertionFailureBuilder.java:132)
	at org.junit.jupiter.api.AssertTrue.failNotTrue(AssertTrue.java:63)
	at org.junit.jupiter.api.AssertTrue.assertTrue(AssertTrue.java:36)
	at org.junit.jupiter.api.AssertTrue.assertTrue(AssertTrue.java:31)
	at org.junit.jupiter.api.Assertions.assertTrue(Assertions.java:183)
	at org.imaginnovate.Repository.common.EmployeeDivisionRepoTest.testCanApproveInDivision(EmployeeDivisionRepoTest.java:90)
	at java.base/java.lang.reflect.Method.invoke(Method.java:580)
	at io.quarkus.test.junit.QuarkusTestExtension.runExtensionMethod(QuarkusTestExtension.java:1017)
	at io.quarkus.test.junit.QuarkusTestExtension.interceptTestMethod(QuarkusTestExtension.java:831)
	at java.base/java.util.ArrayList.forEach(ArrayList.java:1596)
	at java.base/java.util.ArrayList.forEach(ArrayList.java:1596)
]]></failure>
    <system-out><![CDATA[Hibernate: 
    select
        count(ed1_0.id)>0 
    from
        employee_divisions ed1_0 
    join
        employees e1_0 
            on e1_0.id=ed1_0.employee_id 
    where
        ed1_0.employee_id=? 
        and e1_0.can_approve_timesheets=1
]]></system-out>
  </testcase>
  <testcase name="testExistsByDivisionIdAndEmployeeId" classname="org.imaginnovate.Repository.common.EmployeeDivisionRepoTest" time="0.018">
    <failure message="expected: &lt;true&gt; but was: &lt;false&gt;" type="org.opentest4j.AssertionFailedError"><![CDATA[org.opentest4j.AssertionFailedError: expected: <true> but was: <false>
	at org.junit.jupiter.api.AssertionFailureBuilder.build(AssertionFailureBuilder.java:151)
	at org.junit.jupiter.api.AssertionFailureBuilder.buildAndThrow(AssertionFailureBuilder.java:132)
	at org.junit.jupiter.api.AssertTrue.failNotTrue(AssertTrue.java:63)
	at org.junit.jupiter.api.AssertTrue.assertTrue(AssertTrue.java:36)
	at org.junit.jupiter.api.AssertTrue.assertTrue(AssertTrue.java:31)
	at org.junit.jupiter.api.Assertions.assertTrue(Assertions.java:183)
	at org.imaginnovate.Repository.common.EmployeeDivisionRepoTest.testExistsByDivisionIdAndEmployeeId(EmployeeDivisionRepoTest.java:84)
	at java.base/java.lang.reflect.Method.invoke(Method.java:580)
	at io.quarkus.test.junit.QuarkusTestExtension.runExtensionMethod(QuarkusTestExtension.java:1017)
	at io.quarkus.test.junit.QuarkusTestExtension.interceptTestMethod(QuarkusTestExtension.java:831)
	at java.base/java.util.ArrayList.forEach(ArrayList.java:1596)
	at java.base/java.util.ArrayList.forEach(ArrayList.java:1596)
]]></failure>
    <system-out><![CDATA[Hibernate: 
    select
        count(ed1_0.id) 
    from
        employee_divisions ed1_0 
    where
        ed1_0.division_id=? 
        and ed1_0.employee_id=?
]]></system-out>
  </testcase>
  <testcase name="testCanApproveTimesheetsInSomeDivisions" classname="org.imaginnovate.Repository.common.EmployeeDivisionRepoTest" time="0.022">
    <failure message="expected: &lt;true&gt; but was: &lt;false&gt;" type="org.opentest4j.AssertionFailedError"><![CDATA[org.opentest4j.AssertionFailedError: expected: <true> but was: <false>
	at org.junit.jupiter.api.AssertionFailureBuilder.build(AssertionFailureBuilder.java:151)
	at org.junit.jupiter.api.AssertionFailureBuilder.buildAndThrow(AssertionFailureBuilder.java:132)
	at org.junit.jupiter.api.AssertTrue.failNotTrue(AssertTrue.java:63)
	at org.junit.jupiter.api.AssertTrue.assertTrue(AssertTrue.java:36)
	at org.junit.jupiter.api.AssertTrue.assertTrue(AssertTrue.java:31)
	at org.junit.jupiter.api.Assertions.assertTrue(Assertions.java:183)
	at org.imaginnovate.Repository.common.EmployeeDivisionRepoTest.testCanApproveTimesheetsInSomeDivisions(EmployeeDivisionRepoTest.java:103)
	at java.base/java.lang.reflect.Method.invoke(Method.java:580)
	at io.quarkus.test.junit.QuarkusTestExtension.runExtensionMethod(QuarkusTestExtension.java:1017)
	at io.quarkus.test.junit.QuarkusTestExtension.interceptTestMethod(QuarkusTestExtension.java:831)
	at java.base/java.util.ArrayList.forEach(ArrayList.java:1596)
	at java.base/java.util.ArrayList.forEach(ArrayList.java:1596)
]]></failure>
    <system-out><![CDATA[Hibernate: 
    select
        count(ed1_0.id)>0 
    from
        employee_divisions ed1_0 
    join
        employees e1_0 
            on e1_0.id=ed1_0.employee_id 
    where
        ed1_0.employee_id=? 
        and e1_0.can_approve_timesheets=1 
        and ed1_0.division_id=?
]]></system-out>
  </testcase>
  <testcase name="testExistsByEmployeeIdAndDivisionId" classname="org.imaginnovate.Repository.common.EmployeeDivisionRepoTest" time="0.015">
    <failure message="expected: &lt;true&gt; but was: &lt;false&gt;" type="org.opentest4j.AssertionFailedError"><![CDATA[org.opentest4j.AssertionFailedError: expected: <true> but was: <false>
	at org.junit.jupiter.api.AssertionFailureBuilder.build(AssertionFailureBuilder.java:151)
	at org.junit.jupiter.api.AssertionFailureBuilder.buildAndThrow(AssertionFailureBuilder.java:132)
	at org.junit.jupiter.api.AssertTrue.failNotTrue(AssertTrue.java:63)
	at org.junit.jupiter.api.AssertTrue.assertTrue(AssertTrue.java:36)
	at org.junit.jupiter.api.AssertTrue.assertTrue(AssertTrue.java:31)
	at org.junit.jupiter.api.Assertions.assertTrue(Assertions.java:183)
	at org.imaginnovate.Repository.common.EmployeeDivisionRepoTest.testExistsByEmployeeIdAndDivisionId(EmployeeDivisionRepoTest.java:109)
	at java.base/java.lang.reflect.Method.invoke(Method.java:580)
	at io.quarkus.test.junit.QuarkusTestExtension.runExtensionMethod(QuarkusTestExtension.java:1017)
	at io.quarkus.test.junit.QuarkusTestExtension.interceptTestMethod(QuarkusTestExtension.java:831)
	at java.base/java.util.ArrayList.forEach(ArrayList.java:1596)
	at java.base/java.util.ArrayList.forEach(ArrayList.java:1596)
]]></failure>
    <system-out><![CDATA[Hibernate: 
    select
        count(ed1_0.id) 
    from
        employee_divisions ed1_0 
    where
        ed1_0.employee_id=? 
        and ed1_0.division_id=?
]]></system-out>
  </testcase>
</testsuite>